<?xml version="1.0" encoding="UTF-8"?>
<testng-results ignored="0" total="2" passed="2" failed="0" skipped="0">
  <reporter-output>
  </reporter-output>
  <suite started-at="2023-08-12T13:50:39 CEST" name="Default suite" finished-at="2023-08-12T13:51:31 CEST" duration-ms="52242">
    <groups>
      <group name="cucumber">
        <method signature="AbstractTestNGCucumberTests.runScenario(io.cucumber.testng.PickleWrapper,io.cucumber.testng.FeatureWrapper)[pri:0, instance:Runners.TestRunner@60bd273d]" name="runScenario" class="io.cucumber.testng.AbstractTestNGCucumberTests"/>
      </group> <!-- cucumber -->
    </groups>
    <test started-at="2023-08-12T13:50:39 CEST" name="Default test" finished-at="2023-08-12T13:51:31 CEST" duration-ms="52242">
      <class name="Runners.TestRunner">
        <test-method is-config="true" signature="beforeSuite()[pri:0, instance:Runners.TestRunner@60bd273d]" started-at="2023-08-12T13:50:39 CEST" name="beforeSuite" finished-at="2023-08-12T13:50:39 CEST" duration-ms="15" status="PASS">
          <reporter-output>
          </reporter-output>
        </test-method> <!-- beforeSuite -->
        <test-method is-config="true" signature="setUpClass()[pri:0, instance:Runners.TestRunner@60bd273d]" started-at="2023-08-12T13:50:39 CEST" name="setUpClass" finished-at="2023-08-12T13:50:39 CEST" duration-ms="677" status="PASS">
          <reporter-output>
          </reporter-output>
        </test-method> <!-- setUpClass -->
        <test-method signature="runScenario(io.cucumber.testng.PickleWrapper,io.cucumber.testng.FeatureWrapper)[pri:0, instance:Runners.TestRunner@60bd273d]" started-at="2023-08-12T13:50:39 CEST" name="runScenario" description="Runs Cucumber Scenarios" data-provider="scenarios" finished-at="2023-08-12T13:51:06 CEST" duration-ms="26335" status="PASS">
          <params>
            <param index="0">
              <value>
                <![CDATA["validate the creation & deletion of card list"]]>
              </value>
            </param>
            <param index="1">
              <value>
                <![CDATA["Optional[Use Trello website to manage boards]"]]>
              </value>
            </param>
          </params>
          <reporter-output>
          </reporter-output>
        </test-method> <!-- runScenario -->
        <test-method signature="runScenario(io.cucumber.testng.PickleWrapper,io.cucumber.testng.FeatureWrapper)[pri:0, instance:Runners.TestRunner@60bd273d]" started-at="2023-08-12T13:51:06 CEST" name="runScenario" description="Runs Cucumber Scenarios" data-provider="scenarios" finished-at="2023-08-12T13:51:30 CEST" duration-ms="24276" status="PASS">
          <params>
            <param index="0">
              <value>
                <![CDATA["validate the creation & deletion of card list"]]>
              </value>
            </param>
            <param index="1">
              <value>
                <![CDATA["Optional[Use Trello website to manage boards]"]]>
              </value>
            </param>
          </params>
          <reporter-output>
          </reporter-output>
        </test-method> <!-- runScenario -->
        <test-method is-config="true" signature="tearDownClass()[pri:0, instance:Runners.TestRunner@60bd273d]" started-at="2023-08-12T13:51:30 CEST" name="tearDownClass" finished-at="2023-08-12T13:51:31 CEST" duration-ms="894" status="PASS">
          <reporter-output>
          </reporter-output>
        </test-method> <!-- tearDownClass -->
        <test-method is-config="true" signature="afterSuite()[pri:0, instance:Runners.TestRunner@60bd273d]" started-at="2023-08-12T13:51:31 CEST" name="afterSuite" finished-at="2023-08-12T13:51:31 CEST" duration-ms="0" status="PASS">
          <reporter-output>
          </reporter-output>
        </test-method> <!-- afterSuite -->
      </class> <!-- Runners.TestRunner -->
    </test> <!-- Default test -->
  </suite> <!-- Default suite -->
</testng-results>
